2023-06-12 20:54:58,544 INFO o.a.j.u.JMeterUtils: Setting Locale to en_EN
2023-06-12 20:54:58,570 INFO o.a.j.JMeter: Loading user properties from: /opt/homebrew/Cellar/jmeter/5.5/libexec/bin/user.properties
2023-06-12 20:54:58,570 INFO o.a.j.JMeter: Loading system properties from: /opt/homebrew/Cellar/jmeter/5.5/libexec/bin/system.properties
2023-06-12 20:54:58,575 INFO o.a.j.JMeter: Copyright (c) 1998-2022 The Apache Software Foundation
2023-06-12 20:54:58,575 INFO o.a.j.JMeter: Version 5.5
2023-06-12 20:54:58,575 INFO o.a.j.JMeter: java.version=17.0.7
2023-06-12 20:54:58,575 INFO o.a.j.JMeter: java.vm.name=OpenJDK 64-Bit Server VM
2023-06-12 20:54:58,575 INFO o.a.j.JMeter: os.name=Mac OS X
2023-06-12 20:54:58,575 INFO o.a.j.JMeter: os.arch=aarch64
2023-06-12 20:54:58,575 INFO o.a.j.JMeter: os.version=13.0.1
2023-06-12 20:54:58,575 INFO o.a.j.JMeter: file.encoding=UTF-8
2023-06-12 20:54:58,576 INFO o.a.j.JMeter: java.awt.headless=null
2023-06-12 20:54:58,576 INFO o.a.j.JMeter: Max memory     =1073741824
2023-06-12 20:54:58,576 INFO o.a.j.JMeter: Available Processors =8
2023-06-12 20:54:58,582 INFO o.a.j.JMeter: Default Locale=English (EN)
2023-06-12 20:54:58,582 INFO o.a.j.JMeter: JMeter  Locale=English (EN)
2023-06-12 20:54:58,582 INFO o.a.j.JMeter: JMeterHome=/opt/homebrew/Cellar/jmeter/5.5/libexec
2023-06-12 20:54:58,582 INFO o.a.j.JMeter: user.dir  =/Users/apple/Desktop/Go/programs/tiktok
2023-06-12 20:54:58,583 INFO o.a.j.JMeter: PWD       =/Users/apple/Desktop/Go/programs/tiktok
2023-06-12 20:54:58,594 INFO o.a.j.JMeter: IP: 192.168.1.87 Name: Apples-MBP FullName: apples-mbp
2023-06-12 20:54:58,605 INFO o.a.j.JMeter: Loaded icon properties from org/apache/jmeter/images/icon.properties
2023-06-12 20:54:59,847 INFO o.a.j.JMeterGuiLauncher: Setting LAF to: com.github.weisj.darklaf.DarkLaf:com.github.weisj.darklaf.theme.DarculaTheme
2023-06-12 20:55:03,103 INFO o.j.r.JARSourceHTTP: Requesting https://jmeter-plugins.org/repo/?installID=mac_os_x-1205a93be892e878e2aeb19992874e8d-gui
2023-06-12 20:55:05,467 INFO o.j.r.PluginManager: Plugins Status: [jpgc-plugins-manager=1.7, jmeter-core=5.5, jmeter-ftp=5.5, jmeter-http=5.5, jmeter-jdbc=5.5, jmeter-jms=5.5, jmeter-junit=5.5, jmeter-java=5.5, jmeter-ldap=5.5, jmeter-mail=5.5, jmeter-mongodb=5.5, jmeter-native=5.5, jmeter-tcp=5.5, jmeter-components=5.5]
2023-06-12 20:55:05,468 INFO o.j.r.PluginManagerMenuItem: Plugins Manager has upgrades: [jpgc-plugins-manager]
